# JRE version: Java(TM) SE Runtime Environment (8.0_221-b11) (build 1.8.0_221-b11)
# Java VM: Java HotSpot(TM) 64-Bit Server VM (25.221-b11 mixed mode windows-amd64 compressed oops)
Heap:
 PSYoungGen      total 443904K, used 156896K [0x00000000d5700000, 0x00000000fee80000, 0x0000000100000000)
  eden space 211456K, 0% used [0x00000000d5700000,0x00000000d5700000,0x00000000e2580000)
  from space 232448K, 67% used [0x00000000e2580000,0x00000000ebeb8010,0x00000000f0880000)
  to   space 228864K, 0% used [0x00000000f0f00000,0x00000000f0f00000,0x00000000fee80000)
 ParOldGen       total 1395712K, used 1342888K [0x0000000080400000, 0x00000000d5700000, 0x00000000d5700000)
  object space 1395712K, 96% used [0x0000000080400000,0x00000000d236a048,0x00000000d5700000)
 Metaspace       used 29646K, capacity 31218K, committed 31488K, reserved 1077248K
  class space    used 4026K, capacity 4337K, committed 4352K, reserved 1048576K
GC Heap History (10 events):
Event: 39.194 GC heap after
Heap after GC invocations=56 (full 7):
 PSYoungGen      total 422912K, used 152224K [0x00000000d5700000, 0x00000000fe180000, 0x0000000100000000)
  eden space 190464K, 0% used [0x00000000d5700000,0x00000000d5700000,0x00000000e1100000)
  from space 232448K, 65% used [0x00000000e1100000,0x00000000ea5a8010,0x00000000ef400000)
  to   space 232448K, 0% used [0x00000000efe80000,0x00000000efe80000,0x00000000fe180000)
 ParOldGen       total 1395712K, used 1279032K [0x0000000080400000, 0x00000000d5700000, 0x00000000d5700000)
  object space 1395712K, 91% used [0x0000000080400000,0x00000000ce50e048,0x00000000d5700000)
 Metaspace       used 29646K, capacity 31218K, committed 31488K, reserved 1077248K
  class space    used 4026K, capacity 4337K, committed 4352K, reserved 1048576K
}
Event: 40.448 GC heap before
{Heap before GC invocations=57 (full 7):
 PSYoungGen      total 422912K, used 342688K [0x00000000d5700000, 0x00000000fe180000, 0x0000000100000000)
  eden space 190464K, 100% used [0x00000000d5700000,0x00000000e1100000,0x00000000e1100000)
  from space 232448K, 65% used [0x00000000e1100000,0x00000000ea5a8010,0x00000000ef400000)
  to   space 232448K, 0% used [0x00000000efe80000,0x00000000efe80000,0x00000000fe180000)
 ParOldGen       total 1395712K, used 1279032K [0x0000000080400000, 0x00000000d5700000, 0x00000000d5700000)
  object space 1395712K, 91% used [0x0000000080400000,0x00000000ce50e048,0x00000000d5700000)
 Metaspace       used 29646K, capacity 31218K, committed 31488K, reserved 1077248K
  class space    used 4026K, capacity 4337K, committed 4352K, reserved 1048576K
Event: 40.593 GC heap after
Heap after GC invocations=57 (full 7):
 PSYoungGen      total 433664K, used 173184K [0x00000000d5700000, 0x00000000fe180000, 0x0000000100000000)
  eden space 201216K, 0% used [0x00000000d5700000,0x00000000d5700000,0x00000000e1b80000)
  from space 232448K, 74% used [0x00000000efe80000,0x00000000fa7a0010,0x00000000fe180000)
  to   space 232448K, 0% used [0x00000000e1b80000,0x00000000e1b80000,0x00000000efe80000)
 ParOldGen       total 1395712K, used 1279032K [0x0000000080400000, 0x00000000d5700000, 0x00000000d5700000)
  object space 1395712K, 91% used [0x0000000080400000,0x00000000ce50e048,0x00000000d5700000)
 Metaspace       used 29646K, capacity 31218K, committed 31488K, reserved 1077248K
  class space    used 4026K, capacity 4337K, committed 4352K, reserved 1048576K
}
Event: 42.066 GC heap before
{Heap before GC invocations=58 (full 7):
 PSYoungGen      total 433664K, used 374400K [0x00000000d5700000, 0x00000000fe180000, 0x0000000100000000)
  eden space 201216K, 100% used [0x00000000d5700000,0x00000000e1b80000,0x00000000e1b80000)
  from space 232448K, 74% used [0x00000000efe80000,0x00000000fa7a0010,0x00000000fe180000)
  to   space 232448K, 0% used [0x00000000e1b80000,0x00000000e1b80000,0x00000000efe80000)
 ParOldGen       total 1395712K, used 1279032K [0x0000000080400000, 0x00000000d5700000, 0x00000000d5700000)
  object space 1395712K, 91% used [0x0000000080400000,0x00000000ce50e048,0x00000000d5700000)
 Metaspace       used 29646K, capacity 31218K, committed 31488K, reserved 1077248K
  class space    used 4026K, capacity 4337K, committed 4352K, reserved 1048576K
Event: 42.210 GC heap after
Heap after GC invocations=58 (full 7):
 PSYoungGen      total 433664K, used 159264K [0x00000000d5700000, 0x00000000fec00000, 0x0000000100000000)
  eden space 201216K, 0% used [0x00000000d5700000,0x00000000d5700000,0x00000000e1b80000)
  from space 232448K, 68% used [0x00000000e1b80000,0x00000000eb708010,0x00000000efe80000)
  to   space 232448K, 0% used [0x00000000f0900000,0x00000000f0900000,0x00000000fec00000)
 ParOldGen       total 1395712K, used 1310536K [0x0000000080400000, 0x00000000d5700000, 0x00000000d5700000)
  object space 1395712K, 93% used [0x0000000080400000,0x00000000d03d2048,0x00000000d5700000)
 Metaspace       used 29646K, capacity 31218K, committed 31488K, reserved 1077248K
  class space    used 4026K, capacity 4337K, committed 4352K, reserved 1048576K
}
Event: 44.076 GC heap before
{Heap before GC invocations=59 (full 7):
 PSYoungGen      total 433664K, used 360480K [0x00000000d5700000, 0x00000000fec00000, 0x0000000100000000)
  eden space 201216K, 100% used [0x00000000d5700000,0x00000000e1b80000,0x00000000e1b80000)
  from space 232448K, 68% used [0x00000000e1b80000,0x00000000eb708010,0x00000000efe80000)
  to   space 232448K, 0% used [0x00000000f0900000,0x00000000f0900000,0x00000000fec00000)
 ParOldGen       total 1395712K, used 1310536K [0x0000000080400000, 0x00000000d5700000, 0x00000000d5700000)
  object space 1395712K, 93% used [0x0000000080400000,0x00000000d03d2048,0x00000000d5700000)
 Metaspace       used 29646K, capacity 31218K, committed 31488K, reserved 1077248K
  class space    used 4026K, capacity 4337K, committed 4352K, reserved 1048576K
Event: 44.254 GC heap after
Heap after GC invocations=59 (full 7):
 PSYoungGen      total 443392K, used 171840K [0x00000000d5700000, 0x00000000feb80000, 0x0000000100000000)
  eden space 211456K, 0% used [0x00000000d5700000,0x00000000d5700000,0x00000000e2580000)
  from space 231936K, 74% used [0x00000000f0900000,0x00000000fb0d0010,0x00000000feb80000)
  to   space 232448K, 0% used [0x00000000e2580000,0x00000000e2580000,0x00000000f0880000)
 ParOldGen       total 1395712K, used 1310536K [0x0000000080400000, 0x00000000d5700000, 0x00000000d5700000)
  object space 1395712K, 93% used [0x0000000080400000,0x00000000d03d2048,0x00000000d5700000)
 Metaspace       used 29646K, capacity 31218K, committed 31488K, reserved 1077248K
  class space    used 4026K, capacity 4337K, committed 4352K, reserved 1048576K
}
Event: 45.637 GC heap before
{Heap before GC invocations=60 (full 7):
 PSYoungGen      total 443392K, used 383296K [0x00000000d5700000, 0x00000000feb80000, 0x0000000100000000)
  eden space 211456K, 100% used [0x00000000d5700000,0x00000000e2580000,0x00000000e2580000)
  from space 231936K, 74% used [0x00000000f0900000,0x00000000fb0d0010,0x00000000feb80000)
  to   space 232448K, 0% used [0x00000000e2580000,0x00000000e2580000,0x00000000f0880000)
 ParOldGen       total 1395712K, used 1310536K [0x0000000080400000, 0x00000000d5700000, 0x00000000d5700000)
  object space 1395712K, 93% used [0x0000000080400000,0x00000000d03d2048,0x00000000d5700000)
 Metaspace       used 29646K, capacity 31218K, committed 31488K, reserved 1077248K
  class space    used 4026K, capacity 4337K, committed 4352K, reserved 1048576K
Event: 45.761 GC heap after
Heap after GC invocations=60 (full 7):
 PSYoungGen      total 443904K, used 156896K [0x00000000d5700000, 0x00000000fee80000, 0x0000000100000000)
  eden space 211456K, 0% used [0x00000000d5700000,0x00000000d5700000,0x00000000e2580000)
  from space 232448K, 67% used [0x00000000e2580000,0x00000000ebeb8010,0x00000000f0880000)
  to   space 228864K, 0% used [0x00000000f0f00000,0x00000000f0f00000,0x00000000fee80000)
 ParOldGen       total 1395712K, used 1342888K [0x0000000080400000, 0x00000000d5700000, 0x00000000d5700000)
  object space 1395712K, 96% used [0x0000000080400000,0x00000000d236a048,0x00000000d5700000)
 Metaspace       used 29646K, capacity 31218K, committed 31488K, reserved 1077248K
  class space    used 4026K, capacity 4337K, committed 4352K, reserved 1048576K
}
Event: 45.761 GC heap before
{Heap before GC invocations=61 (full 8):
 PSYoungGen      total 443904K, used 156896K [0x00000000d5700000, 0x00000000fee80000, 0x0000000100000000)
  eden space 211456K, 0% used [0x00000000d5700000,0x00000000d5700000,0x00000000e2580000)
  from space 232448K, 67% used [0x00000000e2580000,0x00000000ebeb8010,0x00000000f0880000)
  to   space 228864K, 0% used [0x00000000f0f00000,0x00000000f0f00000,0x00000000fee80000)
 ParOldGen       total 1395712K, used 1342888K [0x0000000080400000, 0x00000000d5700000, 0x00000000d5700000)
  object space 1395712K, 96% used [0x0000000080400000,0x00000000d236a048,0x00000000d5700000)
 Metaspace       used 29646K, capacity 31218K, committed 31488K, reserved 1077248K
  class space    used 4026K, capacity 4337K, committed 4352K, reserved 1048576K

